# JRE version: Java(TM) SE Runtime Environment (8.0_162-b12) (build 1.8.0_162-b12)
# Java VM: Java HotSpot(TM) 64-Bit Server VM (25.162-b12 mixed mode windows-amd64 compressed oops)
Heap:
 PSYoungGen      total 98304K, used 72665K [0x00000000eb100000, 0x00000000f1a80000, 0x0000000100000000)
  eden space 90624K, 71% used [0x00000000eb100000,0x00000000ef076688,0x00000000f0980000)
  from space 7680K, 99% used [0x00000000f1300000,0x00000000f1a7feb8,0x00000000f1a80000)
  to   space 8704K, 0% used [0x00000000f0980000,0x00000000f0980000,0x00000000f1200000)
 ParOldGen       total 33792K, used 9702K [0x00000000c1200000, 0x00000000c3300000, 0x00000000eb100000)
  object space 33792K, 28% used [0x00000000c1200000,0x00000000c1b798e0,0x00000000c3300000)
 Metaspace       used 34481K, capacity 34976K, committed 35328K, reserved 1079296K
  class space    used 4697K, capacity 4827K, committed 4864K, reserved 1048576K
GC Heap History (10 events):
Event: 7.935 GC heap before
{Heap before GC invocations=7 (full 0):
 PSYoungGen      total 39424K, used 37758K [0x00000000eb100000, 0x00000000ede00000, 0x0000000100000000)
  eden space 32768K, 100% used [0x00000000eb100000,0x00000000ed100000,0x00000000ed100000)
  from space 6656K, 74% used [0x00000000ed780000,0x00000000edc5f9d0,0x00000000ede00000)
  to   space 6656K, 0% used [0x00000000ed100000,0x00000000ed100000,0x00000000ed780000)
 ParOldGen       total 44032K, used 7756K [0x00000000c1200000, 0x00000000c3d00000, 0x00000000eb100000)
  object space 44032K, 17% used [0x00000000c1200000,0x00000000c19933b0,0x00000000c3d00000)
 Metaspace       used 20613K, capacity 20788K, committed 21120K, reserved 1067008K
  class space    used 2828K, capacity 2896K, committed 2944K, reserved 1048576K
Event: 7.961 GC heap after
Heap after GC invocations=7 (full 0):
 PSYoungGen      total 39424K, used 6623K [0x00000000eb100000, 0x00000000f0000000, 0x0000000100000000)
  eden space 32768K, 0% used [0x00000000eb100000,0x00000000eb100000,0x00000000ed100000)
  from space 6656K, 99% used [0x00000000ed100000,0x00000000ed777d30,0x00000000ed780000)
  to   space 7680K, 0% used [0x00000000ef880000,0x00000000ef880000,0x00000000f0000000)
 ParOldGen       total 44032K, used 8413K [0x00000000c1200000, 0x00000000c3d00000, 0x00000000eb100000)
  object space 44032K, 19% used [0x00000000c1200000,0x00000000c1a37480,0x00000000c3d00000)
 Metaspace       used 20613K, capacity 20788K, committed 21120K, reserved 1067008K
  class space    used 2828K, capacity 2896K, committed 2944K, reserved 1048576K
}
Event: 8.315 GC heap before
{Heap before GC invocations=8 (full 0):
 PSYoungGen      total 39424K, used 9230K [0x00000000eb100000, 0x00000000f0000000, 0x0000000100000000)
  eden space 32768K, 7% used [0x00000000eb100000,0x00000000eb38be38,0x00000000ed100000)
  from space 6656K, 99% used [0x00000000ed100000,0x00000000ed777d30,0x00000000ed780000)
  to   space 7680K, 0% used [0x00000000ef880000,0x00000000ef880000,0x00000000f0000000)
 ParOldGen       total 44032K, used 8413K [0x00000000c1200000, 0x00000000c3d00000, 0x00000000eb100000)
  object space 44032K, 19% used [0x00000000c1200000,0x00000000c1a37480,0x00000000c3d00000)
 Metaspace       used 20941K, capacity 21158K, committed 21296K, reserved 1067008K
  class space    used 2871K, capacity 2934K, committed 2944K, reserved 1048576K
Event: 8.381 GC heap after
Heap after GC invocations=8 (full 0):
 PSYoungGen      total 72192K, used 3949K [0x00000000eb100000, 0x00000000eff00000, 0x0000000100000000)
  eden space 65536K, 0% used [0x00000000eb100000,0x00000000eb100000,0x00000000ef100000)
  from space 6656K, 59% used [0x00000000ef880000,0x00000000efc5b5c0,0x00000000eff00000)
  to   space 7168K, 0% used [0x00000000ef100000,0x00000000ef100000,0x00000000ef800000)
 ParOldGen       total 44032K, used 8918K [0x00000000c1200000, 0x00000000c3d00000, 0x00000000eb100000)
  object space 44032K, 20% used [0x00000000c1200000,0x00000000c1ab5810,0x00000000c3d00000)
 Metaspace       used 20941K, capacity 21158K, committed 21296K, reserved 1067008K
  class space    used 2871K, capacity 2934K, committed 2944K, reserved 1048576K
}
Event: 8.381 GC heap before
{Heap before GC invocations=9 (full 1):
 PSYoungGen      total 72192K, used 3949K [0x00000000eb100000, 0x00000000eff00000, 0x0000000100000000)
  eden space 65536K, 0% used [0x00000000eb100000,0x00000000eb100000,0x00000000ef100000)
  from space 6656K, 59% used [0x00000000ef880000,0x00000000efc5b5c0,0x00000000eff00000)
  to   space 7168K, 0% used [0x00000000ef100000,0x00000000ef100000,0x00000000ef800000)
 ParOldGen       total 44032K, used 8918K [0x00000000c1200000, 0x00000000c3d00000, 0x00000000eb100000)
  object space 44032K, 20% used [0x00000000c1200000,0x00000000c1ab5810,0x00000000c3d00000)
 Metaspace       used 20941K, capacity 21158K, committed 21296K, reserved 1067008K
  class space    used 2871K, capacity 2934K, committed 2944K, reserved 1048576K
Event: 8.536 GC heap after
Heap after GC invocations=9 (full 1):
 PSYoungGen      total 72192K, used 0K [0x00000000eb100000, 0x00000000eff00000, 0x0000000100000000)
  eden space 65536K, 0% used [0x00000000eb100000,0x00000000eb100000,0x00000000ef100000)
  from space 6656K, 0% used [0x00000000ef880000,0x00000000ef880000,0x00000000eff00000)
  to   space 7168K, 0% used [0x00000000ef100000,0x00000000ef100000,0x00000000ef800000)
 ParOldGen       total 33792K, used 9235K [0x00000000c1200000, 0x00000000c3300000, 0x00000000eb100000)
  object space 33792K, 27% used [0x00000000c1200000,0x00000000c1b04cf8,0x00000000c3300000)
 Metaspace       used 20941K, capacity 21158K, committed 21296K, reserved 1067008K
  class space    used 2871K, capacity 2934K, committed 2944K, reserved 1048576K
}
Event: 11.803 GC heap before
{Heap before GC invocations=10 (full 1):
 PSYoungGen      total 72192K, used 65536K [0x00000000eb100000, 0x00000000eff00000, 0x0000000100000000)
  eden space 65536K, 100% used [0x00000000eb100000,0x00000000ef100000,0x00000000ef100000)
  from space 6656K, 0% used [0x00000000ef880000,0x00000000ef880000,0x00000000eff00000)
  to   space 7168K, 0% used [0x00000000ef100000,0x00000000ef100000,0x00000000ef800000)
 ParOldGen       total 33792K, used 9235K [0x00000000c1200000, 0x00000000c3300000, 0x00000000eb100000)
  object space 33792K, 27% used [0x00000000c1200000,0x00000000c1b04cf8,0x00000000c3300000)
 Metaspace       used 26634K, capacity 27048K, committed 27520K, reserved 1073152K
  class space    used 3716K, capacity 3855K, committed 3968K, reserved 1048576K
Event: 11.828 GC heap after
Heap after GC invocations=10 (full 1):
 PSYoungGen      total 72704K, used 6391K [0x00000000eb100000, 0x00000000f1a80000, 0x0000000100000000)
  eden space 65536K, 0% used [0x00000000eb100000,0x00000000eb100000,0x00000000ef100000)
  from space 7168K, 89% used [0x00000000ef100000,0x00000000ef73dc80,0x00000000ef800000)
  to   space 7680K, 0% used [0x00000000f1300000,0x00000000f1300000,0x00000000f1a80000)
 ParOldGen       total 33792K, used 9243K [0x00000000c1200000, 0x00000000c3300000, 0x00000000eb100000)
  object space 33792K, 27% used [0x00000000c1200000,0x00000000c1b06cf8,0x00000000c3300000)
 Metaspace       used 26634K, capacity 27048K, committed 27520K, reserved 1073152K
  class space    used 3716K, capacity 3855K, committed 3968K, reserved 1048576K
}
Event: 16.201 GC heap before
{Heap before GC invocations=11 (full 1):
 PSYoungGen      total 72704K, used 71927K [0x00000000eb100000, 0x00000000f1a80000, 0x0000000100000000)
  eden space 65536K, 100% used [0x00000000eb100000,0x00000000ef100000,0x00000000ef100000)
  from space 7168K, 89% used [0x00000000ef100000,0x00000000ef73dc80,0x00000000ef800000)
  to   space 7680K, 0% used [0x00000000f1300000,0x00000000f1300000,0x00000000f1a80000)
 ParOldGen       total 33792K, used 9243K [0x00000000c1200000, 0x00000000c3300000, 0x00000000eb100000)
  object space 33792K, 27% used [0x00000000c1200000,0x00000000c1b06cf8,0x00000000c3300000)
 Metaspace       used 31103K, capacity 31642K, committed 32000K, reserved 1077248K
  class space    used 4290K, capacity 4512K, committed 4608K, reserved 1048576K
Event: 16.227 GC heap after
Heap after GC invocations=11 (full 1):
 PSYoungGen      total 98304K, used 7679K [0x00000000eb100000, 0x00000000f1a80000, 0x0000000100000000)
  eden space 90624K, 0% used [0x00000000eb100000,0x00000000eb100000,0x00000000f0980000)
  from space 7680K, 99% used [0x00000000f1300000,0x00000000f1a7feb8,0x00000000f1a80000)
  to   space 8704K, 0% used [0x00000000f0980000,0x00000000f0980000,0x00000000f1200000)
 ParOldGen       total 33792K, used 9702K [0x00000000c1200000, 0x00000000c3300000, 0x00000000eb100000)
  object space 33792K, 28% used [0x00000000c1200000,0x00000000c1b798e0,0x00000000c3300000)
 Metaspace       used 31103K, capacity 31642K, committed 32000K, reserved 1077248K
  class space    used 4290K, capacity 4512K, committed 4608K, reserved 1048576K
}

